2025-08-04 19:08:52,468 - __main__ - INFO - ==================================================
2025-08-04 19:08:52,469 - __main__ - INFO - 🚀 Запуск Task Bot
2025-08-04 19:08:52,474 - __main__ - INFO - ==================================================
2025-08-04 19:08:52,474 - __main__ - INFO - 📋 Проверка переменных окружения...
2025-08-04 19:08:52,475 - __main__ - INFO - ✅ Переменные окружения в порядке
2025-08-04 19:08:52,476 - __main__ - INFO - ⚙️ Проверка настроек...
2025-08-04 19:08:52,476 - config.settings - INFO - ✅ Все настройки проверены успешно
2025-08-04 19:08:52,477 - __main__ - INFO - ✅ Настройки корректны
2025-08-04 19:08:52,478 - __main__ - INFO - 📊 Конфигурация:
2025-08-04 19:08:52,479 - __main__ - INFO -   - Redis: localhost:6379
2025-08-04 19:08:52,479 - __main__ - INFO -   - Support Chat ID: -1002269851341
2025-08-04 19:08:52,479 - __main__ - INFO -   - Forum Chat ID: -1002269851341
2025-08-04 19:08:52,479 - __main__ - INFO - 🤖 Инициализация Task Bot...
2025-08-04 19:08:52,490 - __main__ - INFO - 🎯 Task Bot готов к работе!
2025-08-04 19:08:52,491 - __main__ - INFO - 📡 Ожидание новых задач...
2025-08-04 19:08:52,492 - bots.task_bot.task_bot - INFO - [TASKBOT][STEP 1] Starting TaskBot...
2025-08-04 19:08:52,492 - bots.task_bot.task_bot - INFO - [TASKBOT][STEP 1.1] Subscribing to new_tasks channel...
2025-08-04 19:08:52,492 - bots.task_bot.pubsub_manager - INFO - [PUBSUB] Attempting to subscribe to channel: new_tasks
2025-08-04 19:08:52,492 - bots.task_bot.pubsub_manager - INFO - [PUBSUB] Added handler for channel: new_tasks
2025-08-04 19:08:52,493 - core.redis_client - INFO - Calling Redis connect method
2025-08-04 19:08:52,493 - core.redis_client - INFO - Establishing Redis connection
2025-08-04 19:08:54,543 - bots.task_bot.pubsub_manager - INFO - [PUBSUB] Subscribed to channel: new_tasks
2025-08-04 19:08:54,543 - bots.task_bot.task_bot - INFO - [TASKBOT][STEP 1.2] Subscribing to task_updates channel...
2025-08-04 19:08:54,544 - bots.task_bot.pubsub_manager - INFO - [PUBSUB] Attempting to subscribe to channel: task_updates
2025-08-04 19:08:54,544 - bots.task_bot.pubsub_manager - INFO - [PUBSUB] Added handler for channel: task_updates
2025-08-04 19:08:54,545 - bots.task_bot.pubsub_manager - INFO - [PUBSUB] Subscribed to channel: task_updates
2025-08-04 19:08:54,545 - bots.task_bot.task_bot - INFO - [TASKBOT][STEP 1.3] TaskBot subscribed to 'new_tasks' and 'task_updates' channels
2025-08-04 19:08:54,545 - bots.task_bot.task_bot - INFO - [TASKBOT][STEP 1.4] Starting PubSub listener...
2025-08-04 19:08:54,545 - bots.task_bot.pubsub_manager - INFO - [PUBSUB] Starting PubSub listener...
2025-08-04 19:08:54,545 - bots.task_bot.pubsub_manager - INFO - [PUBSUB] Subscribed to channel: new_tasks
2025-08-04 19:08:54,545 - bots.task_bot.pubsub_manager - INFO - [PUBSUB] Subscribed to channel: task_updates
2025-08-04 19:08:54,545 - bots.task_bot.pubsub_manager - INFO - [PUBSUB] PubSub listener started
2025-08-04 19:08:54,545 - bots.task_bot.task_bot - INFO - [TASKBOT][STEP 1.5] PubSub listener started, starting polling...
2025-08-04 19:08:54,545 - aiogram.dispatcher - INFO - Start polling
2025-08-04 19:08:54,545 - bots.task_bot.pubsub_manager - INFO - PubSub listener started
2025-08-04 19:08:54,644 - aiogram.dispatcher - INFO - Run polling for bot @yourtaskmngr_bot id=8193252464 - 'task_bot'
2025-09-16 20:13:09,022 - __main__ - INFO - ==================================================
2025-09-16 20:13:09,022 - __main__ - INFO - 🚀 Запуск Task Bot
2025-09-16 20:13:09,022 - __main__ - INFO - ==================================================
2025-09-16 20:13:09,022 - __main__ - INFO - 📋 Проверка переменных окружения...
2025-09-16 20:13:09,023 - __main__ - INFO - ✅ Переменные окружения в порядке
2025-09-16 20:13:09,023 - __main__ - INFO - ⚙️ Проверка настроек...
2025-09-16 20:13:09,023 - config.settings - INFO - ✅ Все настройки проверены успешно
2025-09-16 20:13:09,023 - __main__ - INFO - ✅ Настройки корректны
2025-09-16 20:13:09,024 - __main__ - INFO - 📊 Конфигурация:
2025-09-16 20:13:09,024 - __main__ - INFO -   - Redis: localhost:6379
2025-09-16 20:13:09,024 - __main__ - INFO -   - Support Chat ID: -1002269851341
2025-09-16 20:13:09,024 - __main__ - INFO -   - Forum Chat ID: -1002269851341
2025-09-16 20:13:09,024 - __main__ - INFO - 🤖 Инициализация Task Bot...
2025-09-16 20:13:09,034 - __main__ - INFO - 🎯 Task Bot готов к работе!
2025-09-16 20:13:09,034 - __main__ - INFO - 📡 Ожидание новых задач...
2025-09-16 20:13:09,035 - bots.task_bot.task_bot - INFO - [TASKBOT][STEP 1] Starting TaskBot...
2025-09-16 20:13:09,035 - bots.task_bot.task_bot - INFO - [TASKBOT][STEP 1.1] Subscribing to new_tasks channel...
2025-09-16 20:13:09,035 - bots.task_bot.pubsub_manager - INFO - [PUBSUB] Attempting to subscribe to channel: new_tasks
2025-09-16 20:13:09,035 - bots.task_bot.pubsub_manager - INFO - [PUBSUB] Added handler for channel: new_tasks
2025-09-16 20:13:09,036 - core.redis_client - INFO - Calling Redis connect method
2025-09-16 20:13:09,036 - core.redis_client - INFO - Establishing Redis connection
2025-09-16 20:13:11,094 - bots.task_bot.pubsub_manager - INFO - [PUBSUB] Subscribed to channel: new_tasks
2025-09-16 20:13:11,095 - bots.task_bot.task_bot - INFO - [TASKBOT][STEP 1.2] Subscribing to task_updates channel...
2025-09-16 20:13:11,095 - bots.task_bot.pubsub_manager - INFO - [PUBSUB] Attempting to subscribe to channel: task_updates
2025-09-16 20:13:11,095 - bots.task_bot.pubsub_manager - INFO - [PUBSUB] Added handler for channel: task_updates
2025-09-16 20:13:11,096 - bots.task_bot.pubsub_manager - INFO - [PUBSUB] Subscribed to channel: task_updates
2025-09-16 20:13:11,096 - bots.task_bot.task_bot - INFO - [TASKBOT][STEP 1.3] TaskBot subscribed to 'new_tasks' and 'task_updates' channels
2025-09-16 20:13:11,096 - bots.task_bot.task_bot - INFO - [TASKBOT][STEP 1.4] Starting PubSub listener...
2025-09-16 20:13:11,097 - bots.task_bot.pubsub_manager - INFO - [PUBSUB] Starting PubSub listener...
2025-09-16 20:13:11,097 - bots.task_bot.pubsub_manager - INFO - [PUBSUB] Subscribed to channel: new_tasks
2025-09-16 20:13:11,097 - bots.task_bot.pubsub_manager - INFO - [PUBSUB] Subscribed to channel: task_updates
2025-09-16 20:13:11,097 - bots.task_bot.pubsub_manager - INFO - [PUBSUB] PubSub listener started
2025-09-16 20:13:11,097 - bots.task_bot.task_bot - INFO - [TASKBOT][STEP 1.5] PubSub listener started, starting polling...
2025-09-16 20:13:11,098 - aiogram.dispatcher - INFO - Start polling
2025-09-16 20:13:11,098 - bots.task_bot.pubsub_manager - INFO - PubSub listener started
2025-09-16 20:13:11,236 - aiogram.dispatcher - INFO - Run polling for bot @yourtaskmngr_bot id=8193252464 - 'task_bot'
2025-09-16 20:13:11,296 - bots.task_bot.task_bot - INFO - Menu command from user 425601155
2025-09-16 20:13:11,465 - aiogram.event - INFO - Update id=985616120 is handled. Duration 156 ms by bot id=8193252464
